Using pre-set license
Desktop is 3840 x 1080 @ 60 Hz

 COMMAND LINE ARGUMENTS:
Unity
-adb2
-batchMode
-noUpm
-name
AssetImportWorker0
-projectPath
/home/rogizord/unityProjects/HelloWorld
-logFile
Logs/AssetImportWorker0.log
-srvPort
36235
Successfully changed project path to: /home/rogizord/unityProjects/HelloWorld
/home/rogizord/unityProjects/HelloWorld
Using Asset Import Pipeline V2.
Refreshing native plugins compatible for Editor in 48,59 ms, found 1 plugins.
Preloading 0 native plugins for Editor in 0,00 ms.
Initialize engine version: 2020.3.13f1 (71691879b7f5)
[Subsystems] Discovering subsystems at path /home/rogizord/Unity/Hub/Editor/2020.3.13f1/Editor/Data/Resources/UnitySubsystems
[Subsystems] Discovering subsystems at path /home/rogizord/unityProjects/HelloWorld/Assets
GLX Extensions: GLX_ARB_create_context GLX_ARB_create_context_no_error GLX_ARB_create_context_profile GLX_ARB_create_context_robustness GLX_ARB_fbconfig_float GLX_ARB_framebuffer_sRGB GLX_ARB_get_proc_address GLX_ARB_multisample GLX_EXT_buffer_age GLX_EXT_create_context_es2_profile GLX_EXT_create_context_es_profile GLX_EXT_fbconfig_packed_float GLX_EXT_framebuffer_sRGB GLX_EXT_import_context GLX_EXT_texture_from_pixmap GLX_EXT_visual_info GLX_EXT_visual_rating GLX_INTEL_swap_event GLX_MESA_copy_sub_buffer GLX_MESA_query_renderer GLX_MESA_swap_control GLX_OML_swap_method GLX_OML_sync_control GLX_SGIS_multisample GLX_SGIX_fbconfig GLX_SGIX_pbuffer GLX_SGIX_visual_select_group GLX_SGI_make_current_read GLX_SGI_swap_control GLX_SGI_video_sync 
Renderer: AMD Radeon (TM) RX 460 Graphics (POLARIS11, DRM 3.35.0, 5.4.0-77-generic, LLVM 11.0.0)
Vendor:   X.Org
Version:  4.6 (Core Profile) Mesa 20.2.6
GLES:     0
 GL_AMD_conservative_depth GL_AMD_depth_clamp_separate GL_AMD_draw_buffers_blend GL_AMD_framebuffer_multisample_advanced GL_AMD_gpu_shader_int64 GL_AMD_multi_draw_indirect GL_AMD_performance_monitor GL_AMD_pinned_memory GL_AMD_query_buffer_object GL_AMD_seamless_cubemap_per_texture GL_AMD_shader_stencil_export GL_AMD_shader_trinary_minmax GL_AMD_texture_texture4 GL_AMD_vertex_shader_layer GL_AMD_vertex_shader_viewport_index GL_ANGLE_texture_compression_dxt3 GL_ANGLE_texture_compression_dxt5 GL_ARB_ES2_compatibility GL_ARB_ES3_1_compatibility GL_ARB_ES3_2_compatibility GL_ARB_ES3_compatibility GL_ARB_arrays_of_arrays GL_ARB_base_instance GL_ARB_bindless_texture GL_ARB_blend_func_extended GL_ARB_buffer_storage GL_ARB_clear_buffer_object GL_ARB_clear_texture GL_ARB_clip_control GL_ARB_color_buffer_float GL_ARB_compressed_texture_pixel_storage GL_ARB_compute_shader GL_ARB_compute_variable_group_size GL_ARB_conditional_render_inverted GL_ARB_conservative_depth GL_ARB_copy_buffer GL_ARB_copy_image GL_ARB_cull_dist
ance GL_ARB_debug_output GL_ARB_depth_buffer_float GL_ARB_depth_clamp GL_ARB_derivative_control GL_ARB_direct_state_access GL_ARB_draw_buffers GL_ARB_draw_buffers_blend GL_ARB_draw_elements_base_vertex GL_ARB_draw_indirect GL_ARB_draw_instanced GL_ARB_enhanced_layouts GL_ARB_explicit_attrib_location GL_ARB_explicit_uniform_location GL_ARB_fragment_coord_conventions GL_ARB_fragment_layer_viewport GL_ARB_fragment_shader GL_ARB_framebuffer_no_attachments GL_ARB_framebuffer_object GL_ARB_framebuffer_sRGB GL_ARB_get_program_binary GL_ARB_get_texture_sub_image GL_ARB_gl_spirv GL_ARB_gpu_shader5 GL_ARB_gpu_shader_fp64 GL_ARB_gpu_shader_int64 GL_ARB_half_float_pixel GL_ARB_half_float_vertex GL_ARB_indirect_parameters GL_ARB_instanced_arrays GL_ARB_internalformat_query GL_ARB_internalformat_query2 GL_ARB_invalidate_subdata GL_ARB_map_buffer_alignment GL_ARB_map_buffer_range GL_ARB_multi_bind GL_ARB_multi_draw_indirect GL_ARB_occlusion_query2 GL_ARB_parallel_shader_compile GL_ARB_pipeline_statistics_query GL_ARB_pixel
_buffer_object GL_ARB_point_sprite GL_ARB_polygon_offset_clamp GL_ARB_program_interface_query GL_ARB_provoking_vertex GL_ARB_query_buffer_object GL_ARB_robust_buffer_access_behavior GL_ARB_robustness GL_ARB_sample_shading GL_ARB_sampler_objects GL_ARB_seamless_cube_map GL_ARB_seamless_cubemap_per_texture GL_ARB_separate_shader_objects GL_ARB_shader_atomic_counter_ops GL_ARB_shader_atomic_counters GL_ARB_shader_ballot GL_ARB_shader_bit_encoding GL_ARB_shader_clock GL_ARB_shader_draw_parameters GL_ARB_shader_group_vote GL_ARB_shader_image_load_store GL_ARB_shader_image_size GL_ARB_shader_objects GL_ARB_shader_precision GL_ARB_shader_stencil_export GL_ARB_shader_storage_buffer_object GL_ARB_shader_subroutine GL_ARB_shader_texture_image_samples GL_ARB_shader_texture_lod GL_ARB_shader_viewport_layer_array GL_ARB_shading_language_420pack GL_ARB_shading_language_include GL_ARB_shading_language_packing GL_ARB_sparse_buffer GL_ARB_spirv_extensions GL_ARB_stencil_texturing GL_ARB_sync GL_ARB_tessellation_shader GL_ARB
_texture_barrier GL_ARB_texture_buffer_object GL_ARB_texture_buffer_object_rgb32 GL_ARB_texture_buffer_range GL_ARB_texture_compression_bptc GL_ARB_texture_compression_rgtc GL_ARB_texture_cube_map_array GL_ARB_texture_filter_anisotropic GL_ARB_texture_float GL_ARB_texture_gather GL_ARB_texture_mirror_clamp_to_edge GL_ARB_texture_multisample GL_ARB_texture_non_power_of_two GL_ARB_texture_query_levels GL_ARB_texture_query_lod GL_ARB_texture_rectangle GL_ARB_texture_rg GL_ARB_texture_rgb10_a2ui GL_ARB_texture_stencil8 GL_ARB_texture_storage GL_ARB_texture_storage_multisample GL_ARB_texture_swizzle GL_ARB_texture_view GL_ARB_timer_query GL_ARB_transform_feedback2 GL_ARB_transform_feedback3 GL_ARB_transform_feedback_instanced GL_ARB_transform_feedback_overflow_query GL_ARB_uniform_buffer_object GL_ARB_vertex_array_bgra GL_ARB_vertex_array_object GL_ARB_vertex_attrib_64bit GL_ARB_vertex_attrib_binding GL_ARB_vertex_buffer_object GL_ARB_vertex_shader GL_ARB_vertex_type_10f_11f_11f_rev GL_ARB_vertex_type_2_10_10_10_
rev GL_ARB_viewport_array GL_ATI_blend_equation_separate GL_ATI_meminfo GL_ATI_texture_float GL_ATI_texture_mirror_once GL_EXT_EGL_image_storage GL_EXT_EGL_sync GL_EXT_abgr GL_EXT_blend_equation_separate GL_EXT_depth_bounds_test GL_EXT_draw_buffers2 GL_EXT_draw_instanced GL_EXT_framebuffer_blit GL_EXT_framebuffer_multisample GL_EXT_framebuffer_multisample_blit_scaled GL_EXT_framebuffer_object GL_EXT_framebuffer_sRGB GL_EXT_memory_object GL_EXT_memory_object_fd GL_EXT_packed_depth_stencil GL_EXT_packed_float GL_EXT_pixel_buffer_object GL_EXT_polygon_offset_clamp GL_EXT_provoking_vertex GL_EXT_semaphore GL_EXT_semaphore_fd GL_EXT_shader_image_load_formatted GL_EXT_shader_image_load_store GL_EXT_shader_integer_mix GL_EXT_shader_samples_identical GL_EXT_texture_array GL_EXT_texture_compression_dxt1 GL_EXT_texture_compression_rgtc GL_EXT_texture_compression_s3tc GL_EXT_texture_filter_anisotropic GL_EXT_texture_integer GL_EXT_texture_mirror_clamp GL_EXT_texture_sRGB GL_EXT_texture_sRGB_R8 GL_EXT_texture_sRGB_decod
e GL_EXT_texture_shadow_lod GL_EXT_texture_shared_exponent GL_EXT_texture_snorm GL_EXT_texture_swizzle GL_EXT_timer_query GL_EXT_transform_feedback GL_EXT_vertex_array_bgra GL_EXT_vertex_attrib_64bit GL_EXT_window_rectangles GL_IBM_multimode_draw_arrays GL_KHR_blend_equation_advanced GL_KHR_context_flush_control GL_KHR_debug GL_KHR_no_error GL_KHR_parallel_shader_compile GL_KHR_robust_buffer_access_behavior GL_KHR_robustness GL_KHR_texture_compression_astc_ldr GL_KHR_texture_compression_astc_sliced_3d GL_MESA_framebuffer_flip_y GL_MESA_pack_invert GL_MESA_shader_integer_functions GL_MESA_texture_signed_rgba GL_NVX_gpu_memory_info GL_NV_alpha_to_coverage_dither_control GL_NV_conditional_render GL_NV_copy_image GL_NV_depth_clamp GL_NV_packed_depth_stencil GL_NV_texture_barrier GL_NV_vdpau_interop GL_OES_EGL_image GL_S3_s3tc
OPENGL LOG: Creating OpenGL 4.6 graphics device ; Context level  <OpenGL 4.5> ; Context handle 253348992
Initialize mono
Mono path[0] = '/home/rogizord/Unity/Hub/Editor/2020.3.13f1/Editor/Data/Managed'
Mono path[1] = '/home/rogizord/Unity/Hub/Editor/2020.3.13f1/Editor/Data/MonoBleedingEdge/lib/mono/unityjit'
Mono config path = '/home/rogizord/Unity/Hub/Editor/2020.3.13f1/Editor/Data/MonoBleedingEdge/etc'
Using monoOptions --debugger-agent=transport=dt_socket,embedding=1,server=y,suspend=n,address=127.0.0.1:56941
Begin MonoManager ReloadAssembly
Registering precompiled unity dll's ...
Register platform support module: /home/rogizord/Unity/Hub/Editor/2020.3.13f1/Editor/Data/PlaybackEngines/LinuxStandaloneSupport/UnityEditor.LinuxStandalone.Extensions.dll
Registered in 0,001587 seconds.
Native extension for LinuxStandalone target not found
Refreshing native plugins compatible for Editor in 69,29 ms, found 1 plugins.
Preloading 0 native plugins for Editor in 0,00 ms.
Mono: successfully reloaded assembly
- Completed reload, in  2,633 seconds
Platform modules already initialized, skipping
Registering precompiled user dll's ...
Registered in 0,004223 seconds.
Begin MonoManager ReloadAssembly
Native extension for LinuxStandalone target not found
Refreshing native plugins compatible for Editor in 51,73 ms, found 1 plugins.
Preloading 0 native plugins for Editor in 0,00 ms.
Mono: successfully reloaded assembly
- Completed reload, in  1,917 seconds
Platform modules already initialized, skipping
========================================================================
Worker process is ready to serve import requests
Launched and connected shader compiler UnityShaderCompiler after 0.01 seconds
Refreshing native plugins compatible for Editor in 0,56 ms, found 1 plugins.
Preloading 0 native plugins for Editor in 0,00 ms.
Unloading 2093 Unused Serialized files (Serialized files now loaded: 0)
System memory in use before: 87,5 MB.
System memory in use after: 87,5 MB.

Unloading 33 unused Assets to reduce memory usage. Loaded Objects now: 2526.
Total: 4,315543 ms (FindLiveObjects: 0,256593 ms CreateObjectMapping: 0,136779 ms MarkObjects: 3,565979 ms  DeleteObjects: 0,354369 ms)

AssetImportParameters requested are different than current active one (requested -> active):
  custom:video-decoder-ogg-theora: a1e56fd34408186e4bbccfd4996cb3dc -> 
  custom:container-muxer-webm: aa71ff27fc2769a1b78a27578f13a17b -> 
  custom:container-demuxer-webm: 4f35f7cbe854078d1ac9338744f61a02 -> 
  custom:container-demuxer-ogg: 62fdf1f143b41e24485cea50d1cbac27 -> 
  custom:video-encoder-webm-vp8: eb34c28f22e8b96e1ab97ce403110664 -> 
  custom:video-decoder-webm-vp8: 9c59270c3fd7afecdb556c50c9e8de78 -> 
  custom:audio-decoder-ogg-vorbis: bf7c407c2cedff20999df2af8eb42d56 -> 
  custom:audio-encoder-webm-vorbis: bf7c407c2cedff20999df2af8eb42d56 -> 
========================================================================
Received Import Request.
  path: Assets/helloWorld.cs
  artifactKey: Guid(64e4c1dcdaaed81c99c002db947c7011) Importer(815301076,1909f56bfc062723c751e8b465ee728b)
Start importing Assets/helloWorld.cs using Guid(64e4c1dcdaaed81c99c002db947c7011) Importer(815301076,1909f56bfc062723c751e8b465ee728b)  -> (artifact id: 'fe5b4596a5d47009e22c1a8bed657f20') in 0,004596 seconds 
  Import took 0,018858 seconds .

========================================================================
Received Import Request.
  Time since last request: 9725,046594 seconds.
  path: Assets/Scenes/StartMenu.unity
  artifactKey: Guid(7b4bcd47bc7fc579b9338af826e1f4bf) Importer(815301076,1909f56bfc062723c751e8b465ee728b)
Start importing Assets/Scenes/StartMenu.unity using Guid(7b4bcd47bc7fc579b9338af826e1f4bf) Importer(815301076,1909f56bfc062723c751e8b465ee728b)  -> (artifact id: '4a2081335df80d54b6ef1d554249dc24') in 0,008900 seconds 
  Import took 0,013888 seconds .

========================================================================
Received Import Request.
  Time since last request: 0,469357 seconds.
  path: Assets/Scenes/SampleScene.unity
  artifactKey: Guid(2cda990e2423bbf4892e6590ba056729) Importer(815301076,1909f56bfc062723c751e8b465ee728b)
Start importing Assets/Scenes/SampleScene.unity using Guid(2cda990e2423bbf4892e6590ba056729) Importer(815301076,1909f56bfc062723c751e8b465ee728b)  -> (artifact id: 'd7799dd793aa328b7ba4dd0837872cf7') in 0,000957 seconds 
  Import took 0,004990 seconds .

========================================================================
Received Import Request.
  Time since last request: 0,002737 seconds.
  path: Assets/Scenes/SampleScene.unity
  artifactKey: Guid(2cda990e2423bbf4892e6590ba056729) Importer(815301076,1909f56bfc062723c751e8b465ee728b)
Start importing Assets/Scenes/SampleScene.unity using Guid(2cda990e2423bbf4892e6590ba056729) Importer(815301076,1909f56bfc062723c751e8b465ee728b)  -> (artifact id: 'd7799dd793aa328b7ba4dd0837872cf7') in 0,000839 seconds 
  Import took 0,004742 seconds .

========================================================================
Received Import Request.
  Time since last request: 1393,272741 seconds.
  path: Assets/3187.jpg
  artifactKey: Guid(a63119ff3a5c3a62e85cd9bfa8df865e) Importer(815301076,1909f56bfc062723c751e8b465ee728b)
Start importing Assets/3187.jpg using Guid(a63119ff3a5c3a62e85cd9bfa8df865e) Importer(815301076,1909f56bfc062723c751e8b465ee728b)  -> (artifact id: 'b1478553fd7ea82ff66292dbcabd0544') in 0,082739 seconds 
  Import took 0,087390 seconds .

========================================================================
Received Import Request.
  Time since last request: 0,000207 seconds.
  path: Assets/43393.jpg
  artifactKey: Guid(e08a5129239e3aaad9af50fbad4c32d1) Importer(815301076,1909f56bfc062723c751e8b465ee728b)
Start importing Assets/43393.jpg using Guid(e08a5129239e3aaad9af50fbad4c32d1) Importer(815301076,1909f56bfc062723c751e8b465ee728b)  -> (artifact id: '2e8fef322e560c3bb59d8a013ebd68b9') in 0,014077 seconds 
  Import took 0,019284 seconds .

========================================================================
Received Import Request.
  Time since last request: 181,609676 seconds.
  path: Assets/630.jpg
  artifactKey: Guid(459980e1932a966cca8142619763b217) Importer(815301076,1909f56bfc062723c751e8b465ee728b)
Start importing Assets/630.jpg using Guid(459980e1932a966cca8142619763b217) Importer(815301076,1909f56bfc062723c751e8b465ee728b)  -> (artifact id: '577f942b0054a529005107c688f563c3') in 0,013475 seconds 
  Import took 0,018357 seconds .

========================================================================
Received Import Request.
  Time since last request: 403,684741 seconds.
  path: Packages/com.unity.textmeshpro/package.json
  artifactKey: Guid(220e9325710f4235a43492dd1ee4980d) Importer(815301076,1909f56bfc062723c751e8b465ee728b)
Start importing Packages/com.unity.textmeshpro/package.json using Guid(220e9325710f4235a43492dd1ee4980d) Importer(815301076,1909f56bfc062723c751e8b465ee728b)  -> (artifact id: '2c6d4de5db3a39bcb3575c98dc9df750') in 0,001501 seconds 
  Import took 0,005572 seconds .

========================================================================
Received Prepare
Registering precompiled user dll's ...
Registered in 0,003117 seconds.
Begin MonoManager ReloadAssembly
Native extension for LinuxStandalone target not found
Refreshing native plugins compatible for Editor in 0,48 ms, found 1 plugins.
Preloading 0 native plugins for Editor in 0,00 ms.
Mono: successfully reloaded assembly
- Completed reload, in  1,132 seconds
Platform modules already initialized, skipping
Refreshing native plugins compatible for Editor in 0,52 ms, found 1 plugins.
Preloading 0 native plugins for Editor in 0,00 ms.
Unloading 2135 Unused Serialized files (Serialized files now loaded: 0)
System memory in use before: 91,5 MB.
System memory in use after: 90,9 MB.

Unloading 34 unused Assets to reduce memory usage. Loaded Objects now: 2574.
Total: 4,337286 ms (FindLiveObjects: 0,305836 ms CreateObjectMapping: 0,207113 ms MarkObjects: 3,380522 ms  DeleteObjects: 0,441932 ms)

AssetImportParameters requested are different than current active one (requested -> active):
  custom:video-decoder-ogg-theora: a1e56fd34408186e4bbccfd4996cb3dc -> 
  custom:container-muxer-webm: aa71ff27fc2769a1b78a27578f13a17b -> 
  custom:container-demuxer-webm: 4f35f7cbe854078d1ac9338744f61a02 -> 
  custom:container-demuxer-ogg: 62fdf1f143b41e24485cea50d1cbac27 -> 
  custom:video-encoder-webm-vp8: eb34c28f22e8b96e1ab97ce403110664 -> 
  custom:video-decoder-webm-vp8: 9c59270c3fd7afecdb556c50c9e8de78 -> 
  custom:audio-decoder-ogg-vorbis: bf7c407c2cedff20999df2af8eb42d56 -> 
  custom:audio-encoder-webm-vorbis: bf7c407c2cedff20999df2af8eb42d56 -> 
========================================================================
Received Import Request.
  Time since last request: 400,091018 seconds.
  path: Assets/aAjaMales.ttf
  artifactKey: Guid(b1d632680c3647697a23f24bff0d8e64) Importer(815301076,1909f56bfc062723c751e8b465ee728b)
Start importing Assets/aAjaMales.ttf using Guid(b1d632680c3647697a23f24bff0d8e64) Importer(815301076,1909f56bfc062723c751e8b465ee728b)  -> (artifact id: '99a0138fdda2c1642e25b3c6803aa1a4') in 0,070521 seconds 
  Import took 0,074964 seconds .

========================================================================
Received Import Request.
  Time since last request: 60,153040 seconds.
  path: Assets/TextMesh Pro
  artifactKey: Guid(f54d1bd14bd3ca042bd867b519fee8cc) Importer(815301076,1909f56bfc062723c751e8b465ee728b)
Start importing Assets/TextMesh Pro using Guid(f54d1bd14bd3ca042bd867b519fee8cc) Importer(815301076,1909f56bfc062723c751e8b465ee728b)  -> (artifact id: '16b4cbde9565bf190136f1148817e1ea') in 0,000719 seconds 
  Import took 0,006413 seconds .

========================================================================
Received Import Request.
  Time since last request: 0,003264 seconds.
  path: Assets/TextMesh Pro
  artifactKey: Guid(f54d1bd14bd3ca042bd867b519fee8cc) Importer(815301076,1909f56bfc062723c751e8b465ee728b)
Start importing Assets/TextMesh Pro using Guid(f54d1bd14bd3ca042bd867b519fee8cc) Importer(815301076,1909f56bfc062723c751e8b465ee728b)  -> (artifact id: '16b4cbde9565bf190136f1148817e1ea') in 0,000631 seconds 
  Import took 0,004666 seconds .

========================================================================
Received Import Request.
  Time since last request: 18,701012 seconds.
  path: Assets/Fonts
  artifactKey: Guid(eb819eddd540bf0c5923843f065c441e) Importer(815301076,1909f56bfc062723c751e8b465ee728b)
Start importing Assets/Fonts using Guid(eb819eddd540bf0c5923843f065c441e) Importer(815301076,1909f56bfc062723c751e8b465ee728b)  -> (artifact id: '08476ec0b63affa6a3cbeb78048b1256') in 0,001171 seconds 
  Import took 0,012974 seconds .

========================================================================
Received Import Request.
  Time since last request: 11,111673 seconds.
  path: Assets/Images
  artifactKey: Guid(90f7f7c4d67660ca78ef062171d30fab) Importer(815301076,1909f56bfc062723c751e8b465ee728b)
Start importing Assets/Images using Guid(90f7f7c4d67660ca78ef062171d30fab) Importer(815301076,1909f56bfc062723c751e8b465ee728b)  -> (artifact id: 'ffbf8e0fb17e95aeac4200047bd71104') in 0,001229 seconds 
  Import took 0,006107 seconds .

========================================================================
Received Import Request.
  Time since last request: 38,528197 seconds.
  path: Assets/TextMesh Pro/Examples & Extras/Fonts/Anton.ttf
  artifactKey: Guid(997a43b767814dd0a7642ec9b78cba41) Importer(815301076,1909f56bfc062723c751e8b465ee728b)
Start importing Assets/TextMesh Pro/Examples & Extras/Fonts/Anton.ttf using Guid(997a43b767814dd0a7642ec9b78cba41) Importer(815301076,1909f56bfc062723c751e8b465ee728b)  -> (artifact id: '1ebe844441fd4c759a7458f2cb8228c2') in 0,006459 seconds 
  Import took 0,010754 seconds .

========================================================================
Received Import Request.
  Time since last request: 0,000104 seconds.
  path: Assets/TextMesh Pro/Examples & Extras/Fonts/Oswald-Bold.ttf
  artifactKey: Guid(c9f6d0e7bc8541498c9a4799ba184ede) Importer(815301076,1909f56bfc062723c751e8b465ee728b)
Start importing Assets/TextMesh Pro/Examples & Extras/Fonts/Oswald-Bold.ttf using Guid(c9f6d0e7bc8541498c9a4799ba184ede) Importer(815301076,1909f56bfc062723c751e8b465ee728b)  -> (artifact id: '2130d57ea57e8e45098c35d1ed8a0f76') in 0,006614 seconds 
  Import took 0,011596 seconds .

========================================================================
Received Import Request.
  Time since last request: 0,000097 seconds.
  path: Assets/TextMesh Pro/Examples & Extras/Fonts/Roboto-Bold.ttf
  artifactKey: Guid(4beb055f07aaff244873dec698d0363e) Importer(815301076,1909f56bfc062723c751e8b465ee728b)
Start importing Assets/TextMesh Pro/Examples & Extras/Fonts/Roboto-Bold.ttf using Guid(4beb055f07aaff244873dec698d0363e) Importer(815301076,1909f56bfc062723c751e8b465ee728b)  -> (artifact id: 'f771951af840435125d19d5d16cb9dc2') in 0,013108 seconds 
  Import took 0,017408 seconds .

========================================================================
Received Import Request.
  Time since last request: 0,000223 seconds.
  path: Assets/TextMesh Pro/Examples & Extras/Fonts/Electronic Highway Sign.TTF
  artifactKey: Guid(8a2b9e2a607dd2143b58c44bc32410b4) Importer(815301076,1909f56bfc062723c751e8b465ee728b)
Start importing Assets/TextMesh Pro/Examples & Extras/Fonts/Electronic Highway Sign.TTF using Guid(8a2b9e2a607dd2143b58c44bc32410b4) Importer(815301076,1909f56bfc062723c751e8b465ee728b)  -> (artifact id: '3206dd266aca985a207e93fbf5c0c7a2') in 0,013038 seconds 
  Import took 0,017215 seconds .

========================================================================
Received Import Request.
  Time since last request: 0,000196 seconds.
  path: Assets/TextMesh Pro/Fonts/LiberationSans.ttf
  artifactKey: Guid(e3265ab4bf004d28a9537516768c1c75) Importer(815301076,1909f56bfc062723c751e8b465ee728b)
Start importing Assets/TextMesh Pro/Fonts/LiberationSans.ttf using Guid(e3265ab4bf004d28a9537516768c1c75) Importer(815301076,1909f56bfc062723c751e8b465ee728b)  -> (artifact id: '3279aad821e81bd7f13ef3ac20b50e57') in 0,007766 seconds 
  Import took 0,011669 seconds .

========================================================================
Received Import Request.
  Time since last request: 0,000203 seconds.
  path: Assets/TextMesh Pro/Examples & Extras/Fonts/Bangers.ttf
  artifactKey: Guid(5dd49b3eacc540408c98eee0de38e0f1) Importer(815301076,1909f56bfc062723c751e8b465ee728b)
Start importing Assets/TextMesh Pro/Examples & Extras/Fonts/Bangers.ttf using Guid(5dd49b3eacc540408c98eee0de38e0f1) Importer(815301076,1909f56bfc062723c751e8b465ee728b)  -> (artifact id: '5137b5b591bfaab9f5959c60f8300827') in 0,009098 seconds 
  Import took 0,014602 seconds .

========================================================================
Received Import Request.
  Time since last request: 0,000161 seconds.
  path: Assets/TextMesh Pro/Examples & Extras/Fonts/Anton.ttf
  artifactKey: Guid(997a43b767814dd0a7642ec9b78cba41) Importer(815301076,1909f56bfc062723c751e8b465ee728b)
Start importing Assets/TextMesh Pro/Examples & Extras/Fonts/Anton.ttf using Guid(997a43b767814dd0a7642ec9b78cba41) Importer(815301076,1909f56bfc062723c751e8b465ee728b)  -> (artifact id: '1ebe844441fd4c759a7458f2cb8228c2') in 0,008613 seconds 
  Import took 0,013431 seconds .

========================================================================
Received Prepare
Registering precompiled user dll's ...
Registered in 0,003034 seconds.
Begin MonoManager ReloadAssembly
Native extension for LinuxStandalone target not found
Refreshing native plugins compatible for Editor in 0,50 ms, found 1 plugins.
Preloading 0 native plugins for Editor in 0,00 ms.
Mono: successfully reloaded assembly
- Completed reload, in  1,225 seconds
Platform modules already initialized, skipping
Refreshing native plugins compatible for Editor in 0,53 ms, found 1 plugins.
Preloading 0 native plugins for Editor in 0,00 ms.
Unloading 2135 Unused Serialized files (Serialized files now loaded: 0)
System memory in use before: 91,9 MB.
System memory in use after: 91,3 MB.

Unloading 34 unused Assets to reduce memory usage. Loaded Objects now: 2619.
Total: 4,785314 ms (FindLiveObjects: 0,367169 ms CreateObjectMapping: 0,204516 ms MarkObjects: 3,725928 ms  DeleteObjects: 0,485934 ms)

AssetImportParameters requested are different than current active one (requested -> active):
  custom:video-decoder-ogg-theora: a1e56fd34408186e4bbccfd4996cb3dc -> 
  custom:container-muxer-webm: aa71ff27fc2769a1b78a27578f13a17b -> 
  custom:container-demuxer-webm: 4f35f7cbe854078d1ac9338744f61a02 -> 
  custom:container-demuxer-ogg: 62fdf1f143b41e24485cea50d1cbac27 -> 
  custom:video-encoder-webm-vp8: eb34c28f22e8b96e1ab97ce403110664 -> 
  custom:video-decoder-webm-vp8: 9c59270c3fd7afecdb556c50c9e8de78 -> 
  custom:audio-decoder-ogg-vorbis: bf7c407c2cedff20999df2af8eb42d56 -> 
  custom:audio-encoder-webm-vorbis: bf7c407c2cedff20999df2af8eb42d56 -> 
========================================================================
Received Import Request.
  Time since last request: 186,608429 seconds.
  path: Assets/Scenes/StartMenu 1.unity
  artifactKey: Guid(c5d0af58adafe547ba4fabba40f12bf3) Importer(815301076,1909f56bfc062723c751e8b465ee728b)
Start importing Assets/Scenes/StartMenu 1.unity using Guid(c5d0af58adafe547ba4fabba40f12bf3) Importer(815301076,1909f56bfc062723c751e8b465ee728b)  -> (artifact id: '79cdf62659a86f9a2dece436600c2d6e') in 0,013493 seconds 
  Import took 0,018383 seconds .

========================================================================
Received Import Request.
  Time since last request: 1,255773 seconds.
  path: Assets/Scenes/StartMenu 2.unity
  artifactKey: Guid(8a3f1e8155c1d5b9b94c97120769adea) Importer(815301076,1909f56bfc062723c751e8b465ee728b)
Start importing Assets/Scenes/StartMenu 2.unity using Guid(8a3f1e8155c1d5b9b94c97120769adea) Importer(815301076,1909f56bfc062723c751e8b465ee728b)  -> (artifact id: 'b05a73acba84ca63216aacc728b68460') in 0,001893 seconds 
  Import took 0,007182 seconds .

========================================================================
Received Import Request.
  Time since last request: 0,006939 seconds.
  path: Assets/Scenes/StartMenu 2.unity
  artifactKey: Guid(8a3f1e8155c1d5b9b94c97120769adea) Importer(815301076,1909f56bfc062723c751e8b465ee728b)
Start importing Assets/Scenes/StartMenu 2.unity using Guid(8a3f1e8155c1d5b9b94c97120769adea) Importer(815301076,1909f56bfc062723c751e8b465ee728b)  -> (artifact id: 'b05a73acba84ca63216aacc728b68460') in 0,001653 seconds 
  Import took 0,006583 seconds .

========================================================================
Received Import Request.
  Time since last request: 13,330868 seconds.
  path: Assets/Scenes/CoreGame.unity
  artifactKey: Guid(c5d0af58adafe547ba4fabba40f12bf3) Importer(815301076,1909f56bfc062723c751e8b465ee728b)
Start importing Assets/Scenes/CoreGame.unity using Guid(c5d0af58adafe547ba4fabba40f12bf3) Importer(815301076,1909f56bfc062723c751e8b465ee728b)  -> (artifact id: '1f53779b8de624dd6d08e805ed33a15e') in 0,001123 seconds 
  Import took 0,005912 seconds .

========================================================================
Received Import Request.
  Time since last request: 14,008663 seconds.
  path: Assets/Scenes/WinScreen.unity
  artifactKey: Guid(8a3f1e8155c1d5b9b94c97120769adea) Importer(815301076,1909f56bfc062723c751e8b465ee728b)
Start importing Assets/Scenes/WinScreen.unity using Guid(8a3f1e8155c1d5b9b94c97120769adea) Importer(815301076,1909f56bfc062723c751e8b465ee728b)  -> (artifact id: 'feb911b56b1026a53985b35e31304ec6') in 0,001002 seconds 
  Import took 0,006290 seconds .

========================================================================
Received Import Request.
  Time since last request: 8,636130 seconds.
  path: Assets/Scenes/StartMenu.unity
  artifactKey: Guid(7b4bcd47bc7fc579b9338af826e1f4bf) Importer(815301076,1909f56bfc062723c751e8b465ee728b)
Start importing Assets/Scenes/StartMenu.unity using Guid(7b4bcd47bc7fc579b9338af826e1f4bf) Importer(815301076,1909f56bfc062723c751e8b465ee728b)  -> (artifact id: 'b29c8e551d07c7fed2466d054507713a') in 0,001232 seconds 
  Import took 0,005442 seconds .

========================================================================
Received Import Request.
  Time since last request: 0,000407 seconds.
  path: Assets/Scenes/StartMenu.unity
  artifactKey: Guid(7b4bcd47bc7fc579b9338af826e1f4bf) Importer(815301076,1909f56bfc062723c751e8b465ee728b)
Start importing Assets/Scenes/StartMenu.unity using Guid(7b4bcd47bc7fc579b9338af826e1f4bf) Importer(815301076,1909f56bfc062723c751e8b465ee728b)  -> (artifact id: 'b29c8e551d07c7fed2466d054507713a') in 0,001062 seconds 
  Import took 0,005015 seconds .

========================================================================
Received Import Request.
  Time since last request: 769,640411 seconds.
  path: Assets/89.jpg
  artifactKey: Guid(8d21922032b767215848c7264d435363) Importer(815301076,1909f56bfc062723c751e8b465ee728b)
Start importing Assets/89.jpg using Guid(8d21922032b767215848c7264d435363) Importer(815301076,1909f56bfc062723c751e8b465ee728b)  -> (artifact id: 'ebe6df2c0951fddcf8ee6f595c68214a') in 0,049909 seconds 
  Import took 0,054718 seconds .

========================================================================
Received Import Request.
  Time since last request: 142,249779 seconds.
  path: Assets/Scenes/CoreGame.unity
  artifactKey: Guid(c5d0af58adafe547ba4fabba40f12bf3) Importer(815301076,1909f56bfc062723c751e8b465ee728b)
Start importing Assets/Scenes/CoreGame.unity using Guid(c5d0af58adafe547ba4fabba40f12bf3) Importer(815301076,1909f56bfc062723c751e8b465ee728b)  -> (artifact id: 'ebe6a5cfc89ede68a646c101ed44f04d') in 0,000973 seconds 
  Import took 0,005710 seconds .

========================================================================
Received Import Request.
  Time since last request: 366,606778 seconds.
  path: Assets/Scenes/WinScreen.unity
  artifactKey: Guid(8a3f1e8155c1d5b9b94c97120769adea) Importer(815301076,1909f56bfc062723c751e8b465ee728b)
Start importing Assets/Scenes/WinScreen.unity using Guid(8a3f1e8155c1d5b9b94c97120769adea) Importer(815301076,1909f56bfc062723c751e8b465ee728b)  -> (artifact id: '7a338b363f08fb2a8a3e7ac743b20bc4') in 0,000868 seconds 
  Import took 0,005126 seconds .

========================================================================
Received Import Request.
  Time since last request: 195,660613 seconds.
  path: Assets/Scenes/StartMenu.unity
  artifactKey: Guid(7b4bcd47bc7fc579b9338af826e1f4bf) Importer(815301076,1909f56bfc062723c751e8b465ee728b)
Start importing Assets/Scenes/StartMenu.unity using Guid(7b4bcd47bc7fc579b9338af826e1f4bf) Importer(815301076,1909f56bfc062723c751e8b465ee728b)  -> (artifact id: '825be640f657f12b3777a74e60422737') in 0,001109 seconds 
  Import took 0,005277 seconds .

========================================================================
Received Import Request.
  Time since last request: 0,002063 seconds.
  path: Assets/Scenes/StartMenu.unity
  artifactKey: Guid(7b4bcd47bc7fc579b9338af826e1f4bf) Importer(815301076,1909f56bfc062723c751e8b465ee728b)
Start importing Assets/Scenes/StartMenu.unity using Guid(7b4bcd47bc7fc579b9338af826e1f4bf) Importer(815301076,1909f56bfc062723c751e8b465ee728b)  -> (artifact id: '825be640f657f12b3777a74e60422737') in 0,001048 seconds 
  Import took 0,005611 seconds .

========================================================================
Received Prepare
Registering precompiled user dll's ...
Registered in 0,002796 seconds.
Begin MonoManager ReloadAssembly
Native extension for LinuxStandalone target not found
Refreshing native plugins compatible for Editor in 0,53 ms, found 1 plugins.
Preloading 0 native plugins for Editor in 0,00 ms.
Mono: successfully reloaded assembly
- Completed reload, in  1,204 seconds
Platform modules already initialized, skipping
Refreshing native plugins compatible for Editor in 0,75 ms, found 1 plugins.
Preloading 0 native plugins for Editor in 0,00 ms.
Unloading 2136 Unused Serialized files (Serialized files now loaded: 0)
System memory in use before: 92,0 MB.
System memory in use after: 91,4 MB.

Unloading 34 unused Assets to reduce memory usage. Loaded Objects now: 2627.
Total: 3,935339 ms (FindLiveObjects: 0,318375 ms CreateObjectMapping: 0,098335 ms MarkObjects: 3,062218 ms  DeleteObjects: 0,454759 ms)

AssetImportParameters requested are different than current active one (requested -> active):
  custom:video-decoder-ogg-theora: a1e56fd34408186e4bbccfd4996cb3dc -> 
  custom:container-muxer-webm: aa71ff27fc2769a1b78a27578f13a17b -> 
  custom:container-demuxer-webm: 4f35f7cbe854078d1ac9338744f61a02 -> 
  custom:container-demuxer-ogg: 62fdf1f143b41e24485cea50d1cbac27 -> 
  custom:video-encoder-webm-vp8: eb34c28f22e8b96e1ab97ce403110664 -> 
  custom:video-decoder-webm-vp8: 9c59270c3fd7afecdb556c50c9e8de78 -> 
  custom:audio-decoder-ogg-vorbis: bf7c407c2cedff20999df2af8eb42d56 -> 
  custom:audio-encoder-webm-vorbis: bf7c407c2cedff20999df2af8eb42d56 -> 
========================================================================
Received Import Request.
  Time since last request: 84,215255 seconds.
  path: Assets/SceneLoader.cs
  artifactKey: Guid(f5197fcbdc72ef71cbd393d66455b414) Importer(815301076,1909f56bfc062723c751e8b465ee728b)
Start importing Assets/SceneLoader.cs using Guid(f5197fcbdc72ef71cbd393d66455b414) Importer(815301076,1909f56bfc062723c751e8b465ee728b)  -> (artifact id: 'd79a03af7faba81f8c9e7a6077b6b33c') in 0,005761 seconds 
  Import took 0,010174 seconds .

========================================================================
Received Import Request.
  Time since last request: 0,000408 seconds.
  path: Assets/SceneLoader.cs
  artifactKey: Guid(f5197fcbdc72ef71cbd393d66455b414) Importer(815301076,1909f56bfc062723c751e8b465ee728b)
Start importing Assets/SceneLoader.cs using Guid(f5197fcbdc72ef71cbd393d66455b414) Importer(815301076,1909f56bfc062723c751e8b465ee728b)  -> (artifact id: 'd79a03af7faba81f8c9e7a6077b6b33c') in 0,000869 seconds 
  Import took 0,005040 seconds .

========================================================================
Received Import Request.
  Time since last request: 7,234618 seconds.
  path: Assets/Scripts
  artifactKey: Guid(7b037e101a91aaaae84bd5bd4ed3bcd8) Importer(815301076,1909f56bfc062723c751e8b465ee728b)
Start importing Assets/Scripts using Guid(7b037e101a91aaaae84bd5bd4ed3bcd8) Importer(815301076,1909f56bfc062723c751e8b465ee728b)  -> (artifact id: '6b5bac86d60dee15e0fba4f68f03f41f') in 0,002534 seconds 
  Import took 0,008109 seconds .

========================================================================
Received Import Request.
  Time since last request: 0,001694 seconds.
  path: Assets/Scripts
  artifactKey: Guid(7b037e101a91aaaae84bd5bd4ed3bcd8) Importer(815301076,1909f56bfc062723c751e8b465ee728b)
Start importing Assets/Scripts using Guid(7b037e101a91aaaae84bd5bd4ed3bcd8) Importer(815301076,1909f56bfc062723c751e8b465ee728b)  -> (artifact id: '6b5bac86d60dee15e0fba4f68f03f41f') in 0,002304 seconds 
  Import took 0,007428 seconds .

========================================================================
Received Prepare
Registering precompiled user dll's ...
Registered in 0,002846 seconds.
Begin MonoManager ReloadAssembly
Native extension for LinuxStandalone target not found
Refreshing native plugins compatible for Editor in 0,50 ms, found 1 plugins.
Preloading 0 native plugins for Editor in 0,00 ms.
Mono: successfully reloaded assembly
- Completed reload, in  1,182 seconds
Platform modules already initialized, skipping
Refreshing native plugins compatible for Editor in 0,53 ms, found 1 plugins.
Preloading 0 native plugins for Editor in 0,00 ms.
Unloading 2136 Unused Serialized files (Serialized files now loaded: 0)
System memory in use before: 92,0 MB.
System memory in use after: 91,4 MB.

Unloading 34 unused Assets to reduce memory usage. Loaded Objects now: 2631.
Total: 4,603042 ms (FindLiveObjects: 0,327659 ms CreateObjectMapping: 0,116677 ms MarkObjects: 3,672427 ms  DeleteObjects: 0,484454 ms)

AssetImportParameters requested are different than current active one (requested -> active):
  custom:video-decoder-ogg-theora: a1e56fd34408186e4bbccfd4996cb3dc -> 
  custom:container-muxer-webm: aa71ff27fc2769a1b78a27578f13a17b -> 
  custom:container-demuxer-webm: 4f35f7cbe854078d1ac9338744f61a02 -> 
  custom:container-demuxer-ogg: 62fdf1f143b41e24485cea50d1cbac27 -> 
  custom:video-encoder-webm-vp8: eb34c28f22e8b96e1ab97ce403110664 -> 
  custom:video-decoder-webm-vp8: 9c59270c3fd7afecdb556c50c9e8de78 -> 
  custom:audio-decoder-ogg-vorbis: bf7c407c2cedff20999df2af8eb42d56 -> 
  custom:audio-encoder-webm-vorbis: bf7c407c2cedff20999df2af8eb42d56 -> 
========================================================================
Received Import Request.
  Time since last request: 221,320272 seconds.
  path: Assets/Scripts/SceneLoader.cs
  artifactKey: Guid(f5197fcbdc72ef71cbd393d66455b414) Importer(815301076,1909f56bfc062723c751e8b465ee728b)
Start importing Assets/Scripts/SceneLoader.cs using Guid(f5197fcbdc72ef71cbd393d66455b414) Importer(815301076,1909f56bfc062723c751e8b465ee728b)  -> (artifact id: 'c18cdc786ee9f0a7e47bbfdb4be08e7e') in 0,007290 seconds 
  Import took 0,011474 seconds .

========================================================================
Received Import Request.
  Time since last request: 103,500899 seconds.
  path: Assets/Scenes/CoreGame.unity
  artifactKey: Guid(c5d0af58adafe547ba4fabba40f12bf3) Importer(815301076,1909f56bfc062723c751e8b465ee728b)
Start importing Assets/Scenes/CoreGame.unity using Guid(c5d0af58adafe547ba4fabba40f12bf3) Importer(815301076,1909f56bfc062723c751e8b465ee728b)  -> (artifact id: 'c2eac7d91f2a2d3a1bceda5a43e09f4b') in 0,008272 seconds 
  Import took 0,012800 seconds .

========================================================================
Received Prepare
Registering precompiled user dll's ...
Registered in 0,002905 seconds.
Begin MonoManager ReloadAssembly
Native extension for LinuxStandalone target not found
Refreshing native plugins compatible for Editor in 0,47 ms, found 1 plugins.
Preloading 0 native plugins for Editor in 0,00 ms.
Mono: successfully reloaded assembly
- Completed reload, in  1,147 seconds
Platform modules already initialized, skipping
Refreshing native plugins compatible for Editor in 0,53 ms, found 1 plugins.
Preloading 0 native plugins for Editor in 0,00 ms.
Unloading 2136 Unused Serialized files (Serialized files now loaded: 0)
System memory in use before: 92,0 MB.
System memory in use after: 91,4 MB.

Unloading 34 unused Assets to reduce memory usage. Loaded Objects now: 2635.
Total: 3,930209 ms (FindLiveObjects: 0,286129 ms CreateObjectMapping: 0,154373 ms MarkObjects: 2,998385 ms  DeleteObjects: 0,489833 ms)

AssetImportParameters requested are different than current active one (requested -> active):
  custom:video-decoder-ogg-theora: a1e56fd34408186e4bbccfd4996cb3dc -> 
  custom:container-muxer-webm: aa71ff27fc2769a1b78a27578f13a17b -> 
  custom:container-demuxer-webm: 4f35f7cbe854078d1ac9338744f61a02 -> 
  custom:container-demuxer-ogg: 62fdf1f143b41e24485cea50d1cbac27 -> 
  custom:video-encoder-webm-vp8: eb34c28f22e8b96e1ab97ce403110664 -> 
  custom:video-decoder-webm-vp8: 9c59270c3fd7afecdb556c50c9e8de78 -> 
  custom:audio-decoder-ogg-vorbis: bf7c407c2cedff20999df2af8eb42d56 -> 
  custom:audio-encoder-webm-vorbis: bf7c407c2cedff20999df2af8eb42d56 -> 
========================================================================
Received Import Request.
  Time since last request: 25,283679 seconds.
  path: Assets/Scenes/StartMenu.unity
  artifactKey: Guid(7b4bcd47bc7fc579b9338af826e1f4bf) Importer(815301076,1909f56bfc062723c751e8b465ee728b)
Start importing Assets/Scenes/StartMenu.unity using Guid(7b4bcd47bc7fc579b9338af826e1f4bf) Importer(815301076,1909f56bfc062723c751e8b465ee728b)  -> (artifact id: 'c6c17b63d7426da61779ab3c464fb5b3') in 0,011969 seconds 
  Import took 0,016215 seconds .

========================================================================
Received Prepare
Registering precompiled user dll's ...
Registered in 0,002881 seconds.
Begin MonoManager ReloadAssembly
Native extension for LinuxStandalone target not found
Refreshing native plugins compatible for Editor in 0,57 ms, found 1 plugins.
Preloading 0 native plugins for Editor in 0,00 ms.
Mono: successfully reloaded assembly
- Completed reload, in  1,218 seconds
Platform modules already initialized, skipping
Refreshing native plugins compatible for Editor in 0,53 ms, found 1 plugins.
Preloading 0 native plugins for Editor in 0,00 ms.
Unloading 2136 Unused Serialized files (Serialized files now loaded: 0)
System memory in use before: 92,0 MB.
System memory in use after: 91,5 MB.

Unloading 34 unused Assets to reduce memory usage. Loaded Objects now: 2639.
Total: 5,727681 ms (FindLiveObjects: 0,944172 ms CreateObjectMapping: 0,281389 ms MarkObjects: 3,981084 ms  DeleteObjects: 0,518881 ms)

AssetImportParameters requested are different than current active one (requested -> active):
  custom:video-decoder-ogg-theora: a1e56fd34408186e4bbccfd4996cb3dc -> 
  custom:container-muxer-webm: aa71ff27fc2769a1b78a27578f13a17b -> 
  custom:container-demuxer-webm: 4f35f7cbe854078d1ac9338744f61a02 -> 
  custom:container-demuxer-ogg: 62fdf1f143b41e24485cea50d1cbac27 -> 
  custom:video-encoder-webm-vp8: eb34c28f22e8b96e1ab97ce403110664 -> 
  custom:video-decoder-webm-vp8: 9c59270c3fd7afecdb556c50c9e8de78 -> 
  custom:audio-decoder-ogg-vorbis: bf7c407c2cedff20999df2af8eb42d56 -> 
  custom:audio-encoder-webm-vorbis: bf7c407c2cedff20999df2af8eb42d56 -> 
========================================================================
Received Import Request.
  Time since last request: 2617,356316 seconds.
  path: Assets/Scenes/WinScreen.unity
  artifactKey: Guid(8a3f1e8155c1d5b9b94c97120769adea) Importer(815301076,1909f56bfc062723c751e8b465ee728b)
Start importing Assets/Scenes/WinScreen.unity using Guid(8a3f1e8155c1d5b9b94c97120769adea) Importer(815301076,1909f56bfc062723c751e8b465ee728b)  -> (artifact id: 'f8dfeb371074668a73a3527b9c8dbdbc') in 0,012273 seconds 
  Import took 0,016521 seconds .

========================================================================
Received Prepare
Registering precompiled user dll's ...
Registered in 0,002854 seconds.
Begin MonoManager ReloadAssembly
Native extension for LinuxStandalone target not found
Refreshing native plugins compatible for Editor in 0,58 ms, found 1 plugins.
Preloading 0 native plugins for Editor in 0,00 ms.
Mono: successfully reloaded assembly
- Completed reload, in  1,229 seconds
Platform modules already initialized, skipping
Refreshing native plugins compatible for Editor in 0,54 ms, found 1 plugins.
Preloading 0 native plugins for Editor in 0,00 ms.
Unloading 2136 Unused Serialized files (Serialized files now loaded: 0)
System memory in use before: 92,0 MB.
System memory in use after: 91,5 MB.

Unloading 34 unused Assets to reduce memory usage. Loaded Objects now: 2643.
Total: 5,550499 ms (FindLiveObjects: 0,402025 ms CreateObjectMapping: 0,238189 ms MarkObjects: 4,285223 ms  DeleteObjects: 0,622964 ms)

AssetImportParameters requested are different than current active one (requested -> active):
  custom:video-decoder-ogg-theora: a1e56fd34408186e4bbccfd4996cb3dc -> 
  custom:container-muxer-webm: aa71ff27fc2769a1b78a27578f13a17b -> 
  custom:container-demuxer-webm: 4f35f7cbe854078d1ac9338744f61a02 -> 
  custom:container-demuxer-ogg: 62fdf1f143b41e24485cea50d1cbac27 -> 
  custom:video-encoder-webm-vp8: eb34c28f22e8b96e1ab97ce403110664 -> 
  custom:video-decoder-webm-vp8: 9c59270c3fd7afecdb556c50c9e8de78 -> 
  custom:audio-decoder-ogg-vorbis: bf7c407c2cedff20999df2af8eb42d56 -> 
  custom:audio-encoder-webm-vorbis: bf7c407c2cedff20999df2af8eb42d56 -> 
========================================================================
Received Import Request.
  Time since last request: 449,059911 seconds.
  path: Assets/Scenes/WinScreen.unity
  artifactKey: Guid(8a3f1e8155c1d5b9b94c97120769adea) Importer(815301076,1909f56bfc062723c751e8b465ee728b)
Start importing Assets/Scenes/WinScreen.unity using Guid(8a3f1e8155c1d5b9b94c97120769adea) Importer(815301076,1909f56bfc062723c751e8b465ee728b)  -> (artifact id: 'e13ca36da2533fc72c640dbfbb929c6c') in 0,016671 seconds 
  Import took 0,021529 seconds .

========================================================================
Received Prepare
Registering precompiled user dll's ...
Registered in 0,003142 seconds.
Begin MonoManager ReloadAssembly
Native extension for LinuxStandalone target not found
Refreshing native plugins compatible for Editor in 0,48 ms, found 1 plugins.
Preloading 0 native plugins for Editor in 0,00 ms.
Mono: successfully reloaded assembly
- Completed reload, in  1,162 seconds
Platform modules already initialized, skipping
Refreshing native plugins compatible for Editor in 0,48 ms, found 1 plugins.
Preloading 0 native plugins for Editor in 0,00 ms.
Unloading 2136 Unused Serialized files (Serialized files now loaded: 0)
System memory in use before: 92,1 MB.
System memory in use after: 91,5 MB.

Unloading 34 unused Assets to reduce memory usage. Loaded Objects now: 2647.
Total: 4,873238 ms (FindLiveObjects: 0,428890 ms CreateObjectMapping: 0,233716 ms MarkObjects: 3,646279 ms  DeleteObjects: 0,562962 ms)

AssetImportParameters requested are different than current active one (requested -> active):
  custom:video-decoder-ogg-theora: a1e56fd34408186e4bbccfd4996cb3dc -> 
  custom:container-muxer-webm: aa71ff27fc2769a1b78a27578f13a17b -> 
  custom:container-demuxer-webm: 4f35f7cbe854078d1ac9338744f61a02 -> 
  custom:container-demuxer-ogg: 62fdf1f143b41e24485cea50d1cbac27 -> 
  custom:video-encoder-webm-vp8: eb34c28f22e8b96e1ab97ce403110664 -> 
  custom:video-decoder-webm-vp8: 9c59270c3fd7afecdb556c50c9e8de78 -> 
  custom:audio-decoder-ogg-vorbis: bf7c407c2cedff20999df2af8eb42d56 -> 
  custom:audio-encoder-webm-vorbis: bf7c407c2cedff20999df2af8eb42d56 -> 
========================================================================
Received Import Request.
  Time since last request: 76,261212 seconds.
  path: Assets/Scenes/CoreGame.unity
  artifactKey: Guid(c5d0af58adafe547ba4fabba40f12bf3) Importer(815301076,1909f56bfc062723c751e8b465ee728b)
Start importing Assets/Scenes/CoreGame.unity using Guid(c5d0af58adafe547ba4fabba40f12bf3) Importer(815301076,1909f56bfc062723c751e8b465ee728b)  -> (artifact id: 'c30d010263548a280c4e6a6a26dd0784') in 0,012622 seconds 
  Import took 0,017217 seconds .

========================================================================
Received Prepare
Registering precompiled user dll's ...
Registered in 0,002987 seconds.
Begin MonoManager ReloadAssembly
Native extension for LinuxStandalone target not found
Refreshing native plugins compatible for Editor in 0,59 ms, found 1 plugins.
Preloading 0 native plugins for Editor in 0,00 ms.
Mono: successfully reloaded assembly
- Completed reload, in  1,177 seconds
Platform modules already initialized, skipping
Refreshing native plugins compatible for Editor in 0,52 ms, found 1 plugins.
Preloading 0 native plugins for Editor in 0,00 ms.
Unloading 2136 Unused Serialized files (Serialized files now loaded: 0)
System memory in use before: 92,1 MB.
System memory in use after: 91,5 MB.

Unloading 34 unused Assets to reduce memory usage. Loaded Objects now: 2651.
Total: 7,682234 ms (FindLiveObjects: 0,314566 ms CreateObjectMapping: 0,196217 ms MarkObjects: 6,544912 ms  DeleteObjects: 0,624493 ms)

AssetImportParameters requested are different than current active one (requested -> active):
  custom:video-decoder-ogg-theora: a1e56fd34408186e4bbccfd4996cb3dc -> 
  custom:container-muxer-webm: aa71ff27fc2769a1b78a27578f13a17b -> 
  custom:container-demuxer-webm: 4f35f7cbe854078d1ac9338744f61a02 -> 
  custom:container-demuxer-ogg: 62fdf1f143b41e24485cea50d1cbac27 -> 
  custom:video-encoder-webm-vp8: eb34c28f22e8b96e1ab97ce403110664 -> 
  custom:video-decoder-webm-vp8: 9c59270c3fd7afecdb556c50c9e8de78 -> 
  custom:audio-decoder-ogg-vorbis: bf7c407c2cedff20999df2af8eb42d56 -> 
  custom:audio-encoder-webm-vorbis: bf7c407c2cedff20999df2af8eb42d56 -> 
========================================================================
Received Import Request.
  Time since last request: 649,870317 seconds.
  path: Assets/Scripts/NumberWiz.cs
  artifactKey: Guid(64e4c1dcdaaed81c99c002db947c7011) Importer(815301076,1909f56bfc062723c751e8b465ee728b)
Start importing Assets/Scripts/NumberWiz.cs using Guid(64e4c1dcdaaed81c99c002db947c7011) Importer(815301076,1909f56bfc062723c751e8b465ee728b)  -> (artifact id: '75311f24594859d3f2522adb1abac571') in 0,004301 seconds 
  Import took 0,008628 seconds .

========================================================================
Received Prepare
Registering precompiled user dll's ...
Registered in 0,002790 seconds.
Begin MonoManager ReloadAssembly
Native extension for LinuxStandalone target not found
Refreshing native plugins compatible for Editor in 0,51 ms, found 1 plugins.
Preloading 0 native plugins for Editor in 0,00 ms.
Mono: successfully reloaded assembly
- Completed reload, in  1,132 seconds
Platform modules already initialized, skipping
Refreshing native plugins compatible for Editor in 0,56 ms, found 1 plugins.
Preloading 0 native plugins for Editor in 0,00 ms.
Unloading 2136 Unused Serialized files (Serialized files now loaded: 0)
System memory in use before: 92,1 MB.
System memory in use after: 91,5 MB.

Unloading 34 unused Assets to reduce memory usage. Loaded Objects now: 2655.
Total: 6,601990 ms (FindLiveObjects: 0,349489 ms CreateObjectMapping: 0,203893 ms MarkObjects: 5,310106 ms  DeleteObjects: 0,736772 ms)

AssetImportParameters requested are different than current active one (requested -> active):
  custom:video-decoder-ogg-theora: a1e56fd34408186e4bbccfd4996cb3dc -> 
  custom:container-muxer-webm: aa71ff27fc2769a1b78a27578f13a17b -> 
  custom:container-demuxer-webm: 4f35f7cbe854078d1ac9338744f61a02 -> 
  custom:container-demuxer-ogg: 62fdf1f143b41e24485cea50d1cbac27 -> 
  custom:video-encoder-webm-vp8: eb34c28f22e8b96e1ab97ce403110664 -> 
  custom:video-decoder-webm-vp8: 9c59270c3fd7afecdb556c50c9e8de78 -> 
  custom:audio-decoder-ogg-vorbis: bf7c407c2cedff20999df2af8eb42d56 -> 
  custom:audio-encoder-webm-vorbis: bf7c407c2cedff20999df2af8eb42d56 -> 
========================================================================
Received Import Request.
  Time since last request: 153,454661 seconds.
  path: Assets/Scripts/NumberWiz.cs
  artifactKey: Guid(64e4c1dcdaaed81c99c002db947c7011) Importer(815301076,1909f56bfc062723c751e8b465ee728b)
Start importing Assets/Scripts/NumberWiz.cs using Guid(64e4c1dcdaaed81c99c002db947c7011) Importer(815301076,1909f56bfc062723c751e8b465ee728b)  -> (artifact id: 'efa544e7e37724d41498cc2dcd933ea4') in 0,004310 seconds 
  Import took 0,009461 seconds .

========================================================================
Received Import Request.
  Time since last request: 0,003326 seconds.
  path: Assets/Scripts/NumberWiz.cs
  artifactKey: Guid(64e4c1dcdaaed81c99c002db947c7011) Importer(815301076,1909f56bfc062723c751e8b465ee728b)
Start importing Assets/Scripts/NumberWiz.cs using Guid(64e4c1dcdaaed81c99c002db947c7011) Importer(815301076,1909f56bfc062723c751e8b465ee728b)  -> (artifact id: 'efa544e7e37724d41498cc2dcd933ea4') in 0,000690 seconds 
  Import took 0,005966 seconds .

========================================================================
Received Prepare
Registering precompiled user dll's ...
Registered in 0,002682 seconds.
Begin MonoManager ReloadAssembly
Native extension for LinuxStandalone target not found
Refreshing native plugins compatible for Editor in 0,50 ms, found 1 plugins.
Preloading 0 native plugins for Editor in 0,00 ms.
Mono: successfully reloaded assembly
- Completed reload, in  1,134 seconds
Platform modules already initialized, skipping
Refreshing native plugins compatible for Editor in 0,46 ms, found 1 plugins.
Preloading 0 native plugins for Editor in 0,00 ms.
Unloading 2136 Unused Serialized files (Serialized files now loaded: 0)
System memory in use before: 92,1 MB.
System memory in use after: 91,5 MB.

Unloading 34 unused Assets to reduce memory usage. Loaded Objects now: 2659.
Total: 4,109255 ms (FindLiveObjects: 0,272404 ms CreateObjectMapping: 0,110177 ms MarkObjects: 2,939775 ms  DeleteObjects: 0,785360 ms)

AssetImportParameters requested are different than current active one (requested -> active):
  custom:video-decoder-ogg-theora: a1e56fd34408186e4bbccfd4996cb3dc -> 
  custom:container-muxer-webm: aa71ff27fc2769a1b78a27578f13a17b -> 
  custom:container-demuxer-webm: 4f35f7cbe854078d1ac9338744f61a02 -> 
  custom:container-demuxer-ogg: 62fdf1f143b41e24485cea50d1cbac27 -> 
  custom:video-encoder-webm-vp8: eb34c28f22e8b96e1ab97ce403110664 -> 
  custom:video-decoder-webm-vp8: 9c59270c3fd7afecdb556c50c9e8de78 -> 
  custom:audio-decoder-ogg-vorbis: bf7c407c2cedff20999df2af8eb42d56 -> 
  custom:audio-encoder-webm-vorbis: bf7c407c2cedff20999df2af8eb42d56 -> 
========================================================================
Received Prepare
Registering precompiled user dll's ...
Registered in 0,002938 seconds.
Begin MonoManager ReloadAssembly
Native extension for LinuxStandalone target not found
Refreshing native plugins compatible for Editor in 0,48 ms, found 1 plugins.
Preloading 0 native plugins for Editor in 0,00 ms.
Mono: successfully reloaded assembly
- Completed reload, in  1,172 seconds
Platform modules already initialized, skipping
Refreshing native plugins compatible for Editor in 0,50 ms, found 1 plugins.
Preloading 0 native plugins for Editor in 0,00 ms.
Unloading 2136 Unused Serialized files (Serialized files now loaded: 0)
System memory in use before: 92,1 MB.
System memory in use after: 91,5 MB.

Unloading 34 unused Assets to reduce memory usage. Loaded Objects now: 2663.
Total: 6,058120 ms (FindLiveObjects: 0,344325 ms CreateObjectMapping: 0,227124 ms MarkObjects: 4,778894 ms  DeleteObjects: 0,705633 ms)

AssetImportParameters requested are different than current active one (requested -> active):
  custom:video-decoder-ogg-theora: a1e56fd34408186e4bbccfd4996cb3dc -> 
  custom:container-muxer-webm: aa71ff27fc2769a1b78a27578f13a17b -> 
  custom:container-demuxer-webm: 4f35f7cbe854078d1ac9338744f61a02 -> 
  custom:container-demuxer-ogg: 62fdf1f143b41e24485cea50d1cbac27 -> 
  custom:video-encoder-webm-vp8: eb34c28f22e8b96e1ab97ce403110664 -> 
  custom:video-decoder-webm-vp8: 9c59270c3fd7afecdb556c50c9e8de78 -> 
  custom:audio-decoder-ogg-vorbis: bf7c407c2cedff20999df2af8eb42d56 -> 
  custom:audio-encoder-webm-vorbis: bf7c407c2cedff20999df2af8eb42d56 -> 
========================================================================
Received Prepare
Registering precompiled user dll's ...
Registered in 0,002769 seconds.
Begin MonoManager ReloadAssembly
Native extension for LinuxStandalone target not found
Refreshing native plugins compatible for Editor in 0,65 ms, found 1 plugins.
Preloading 0 native plugins for Editor in 0,00 ms.
Mono: successfully reloaded assembly
- Completed reload, in  1,161 seconds
Platform modules already initialized, skipping
Refreshing native plugins compatible for Editor in 0,58 ms, found 1 plugins.
Preloading 0 native plugins for Editor in 0,00 ms.
Unloading 2136 Unused Serialized files (Serialized files now loaded: 0)
System memory in use before: 92,1 MB.
System memory in use after: 91,5 MB.

Unloading 34 unused Assets to reduce memory usage. Loaded Objects now: 2667.
Total: 4,188008 ms (FindLiveObjects: 0,251102 ms CreateObjectMapping: 0,091333 ms MarkObjects: 3,293042 ms  DeleteObjects: 0,550731 ms)

AssetImportParameters requested are different than current active one (requested -> active):
  custom:video-decoder-ogg-theora: a1e56fd34408186e4bbccfd4996cb3dc -> 
  custom:container-muxer-webm: aa71ff27fc2769a1b78a27578f13a17b -> 
  custom:container-demuxer-webm: 4f35f7cbe854078d1ac9338744f61a02 -> 
  custom:container-demuxer-ogg: 62fdf1f143b41e24485cea50d1cbac27 -> 
  custom:video-encoder-webm-vp8: eb34c28f22e8b96e1ab97ce403110664 -> 
  custom:video-decoder-webm-vp8: 9c59270c3fd7afecdb556c50c9e8de78 -> 
  custom:audio-decoder-ogg-vorbis: bf7c407c2cedff20999df2af8eb42d56 -> 
  custom:audio-encoder-webm-vorbis: bf7c407c2cedff20999df2af8eb42d56 -> 
========================================================================
Received Prepare
Registering precompiled user dll's ...
Registered in 0,003353 seconds.
Begin MonoManager ReloadAssembly
Native extension for LinuxStandalone target not found
Refreshing native plugins compatible for Editor in 0,49 ms, found 1 plugins.
Preloading 0 native plugins for Editor in 0,00 ms.
Mono: successfully reloaded assembly
- Completed reload, in  1,275 seconds
Platform modules already initialized, skipping
Refreshing native plugins compatible for Editor in 0,51 ms, found 1 plugins.
Preloading 0 native plugins for Editor in 0,00 ms.
Unloading 2136 Unused Serialized files (Serialized files now loaded: 0)
System memory in use before: 92,1 MB.
System memory in use after: 91,5 MB.

Unloading 34 unused Assets to reduce memory usage. Loaded Objects now: 2671.
Total: 18,837810 ms (FindLiveObjects: 0,376784 ms CreateObjectMapping: 0,210311 ms MarkObjects: 17,663839 ms  DeleteObjects: 0,584518 ms)

AssetImportParameters requested are different than current active one (requested -> active):
  custom:video-decoder-ogg-theora: a1e56fd34408186e4bbccfd4996cb3dc -> 
  custom:container-muxer-webm: aa71ff27fc2769a1b78a27578f13a17b -> 
  custom:container-demuxer-webm: 4f35f7cbe854078d1ac9338744f61a02 -> 
  custom:container-demuxer-ogg: 62fdf1f143b41e24485cea50d1cbac27 -> 
  custom:video-encoder-webm-vp8: eb34c28f22e8b96e1ab97ce403110664 -> 
  custom:video-decoder-webm-vp8: 9c59270c3fd7afecdb556c50c9e8de78 -> 
  custom:audio-decoder-ogg-vorbis: bf7c407c2cedff20999df2af8eb42d56 -> 
  custom:audio-encoder-webm-vorbis: bf7c407c2cedff20999df2af8eb42d56 -> 
========================================================================
Received Prepare
Registering precompiled user dll's ...
Registered in 0,002836 seconds.
Begin MonoManager ReloadAssembly
Native extension for LinuxStandalone target not found
Refreshing native plugins compatible for Editor in 0,54 ms, found 1 plugins.
Preloading 0 native plugins for Editor in 0,00 ms.
Mono: successfully reloaded assembly
- Completed reload, in  1,228 seconds
Platform modules already initialized, skipping
Refreshing native plugins compatible for Editor in 0,52 ms, found 1 plugins.
Preloading 0 native plugins for Editor in 0,00 ms.
Unloading 2136 Unused Serialized files (Serialized files now loaded: 0)
System memory in use before: 92,1 MB.
System memory in use after: 91,5 MB.

Unloading 34 unused Assets to reduce memory usage. Loaded Objects now: 2675.
Total: 4,786702 ms (FindLiveObjects: 0,272920 ms CreateObjectMapping: 0,097287 ms MarkObjects: 3,849890 ms  DeleteObjects: 0,563938 ms)

AssetImportParameters requested are different than current active one (requested -> active):
  custom:video-decoder-ogg-theora: a1e56fd34408186e4bbccfd4996cb3dc -> 
  custom:container-muxer-webm: aa71ff27fc2769a1b78a27578f13a17b -> 
  custom:container-demuxer-webm: 4f35f7cbe854078d1ac9338744f61a02 -> 
  custom:container-demuxer-ogg: 62fdf1f143b41e24485cea50d1cbac27 -> 
  custom:video-encoder-webm-vp8: eb34c28f22e8b96e1ab97ce403110664 -> 
  custom:video-decoder-webm-vp8: 9c59270c3fd7afecdb556c50c9e8de78 -> 
  custom:audio-decoder-ogg-vorbis: bf7c407c2cedff20999df2af8eb42d56 -> 
  custom:audio-encoder-webm-vorbis: bf7c407c2cedff20999df2af8eb42d56 -> 
========================================================================
Received Prepare
Registering precompiled user dll's ...
Registered in 0,002931 seconds.
Begin MonoManager ReloadAssembly
Native extension for LinuxStandalone target not found
Refreshing native plugins compatible for Editor in 0,62 ms, found 1 plugins.
Preloading 0 native plugins for Editor in 0,00 ms.
Mono: successfully reloaded assembly
- Completed reload, in  1,213 seconds
Platform modules already initialized, skipping
Refreshing native plugins compatible for Editor in 0,48 ms, found 1 plugins.
Preloading 0 native plugins for Editor in 0,00 ms.
Unloading 2136 Unused Serialized files (Serialized files now loaded: 0)
System memory in use before: 92,1 MB.
System memory in use after: 91,5 MB.

Unloading 34 unused Assets to reduce memory usage. Loaded Objects now: 2679.
Total: 4,826696 ms (FindLiveObjects: 0,423143 ms CreateObjectMapping: 0,210154 ms MarkObjects: 3,513887 ms  DeleteObjects: 0,677748 ms)

AssetImportParameters requested are different than current active one (requested -> active):
  custom:video-decoder-ogg-theora: a1e56fd34408186e4bbccfd4996cb3dc -> 
  custom:container-muxer-webm: aa71ff27fc2769a1b78a27578f13a17b -> 
  custom:container-demuxer-webm: 4f35f7cbe854078d1ac9338744f61a02 -> 
  custom:container-demuxer-ogg: 62fdf1f143b41e24485cea50d1cbac27 -> 
  custom:video-encoder-webm-vp8: eb34c28f22e8b96e1ab97ce403110664 -> 
  custom:video-decoder-webm-vp8: 9c59270c3fd7afecdb556c50c9e8de78 -> 
  custom:audio-decoder-ogg-vorbis: bf7c407c2cedff20999df2af8eb42d56 -> 
  custom:audio-encoder-webm-vorbis: bf7c407c2cedff20999df2af8eb42d56 -> 
========================================================================
Received Prepare
Registering precompiled user dll's ...
Registered in 0,002955 seconds.
Begin MonoManager ReloadAssembly
Native extension for LinuxStandalone target not found
Refreshing native plugins compatible for Editor in 0,58 ms, found 1 plugins.
Preloading 0 native plugins for Editor in 0,00 ms.
Mono: successfully reloaded assembly
- Completed reload, in  1,284 seconds
Platform modules already initialized, skipping
Refreshing native plugins compatible for Editor in 0,56 ms, found 1 plugins.
Preloading 0 native plugins for Editor in 0,00 ms.
Unloading 2136 Unused Serialized files (Serialized files now loaded: 0)
System memory in use before: 92,1 MB.
System memory in use after: 91,6 MB.

Unloading 34 unused Assets to reduce memory usage. Loaded Objects now: 2683.
Total: 5,052524 ms (FindLiveObjects: 0,337148 ms CreateObjectMapping: 0,209382 ms MarkObjects: 3,900550 ms  DeleteObjects: 0,603803 ms)

AssetImportParameters requested are different than current active one (requested -> active):
  custom:video-decoder-ogg-theora: a1e56fd34408186e4bbccfd4996cb3dc -> 
  custom:container-muxer-webm: aa71ff27fc2769a1b78a27578f13a17b -> 
  custom:container-demuxer-webm: 4f35f7cbe854078d1ac9338744f61a02 -> 
  custom:container-demuxer-ogg: 62fdf1f143b41e24485cea50d1cbac27 -> 
  custom:video-encoder-webm-vp8: eb34c28f22e8b96e1ab97ce403110664 -> 
  custom:video-decoder-webm-vp8: 9c59270c3fd7afecdb556c50c9e8de78 -> 
  custom:audio-decoder-ogg-vorbis: bf7c407c2cedff20999df2af8eb42d56 -> 
  custom:audio-encoder-webm-vorbis: bf7c407c2cedff20999df2af8eb42d56 -> 
========================================================================
Received Prepare
Registering precompiled user dll's ...
Registered in 0,002817 seconds.
Begin MonoManager ReloadAssembly
Native extension for LinuxStandalone target not found
Refreshing native plugins compatible for Editor in 0,66 ms, found 1 plugins.
Preloading 0 native plugins for Editor in 0,00 ms.
Mono: successfully reloaded assembly
- Completed reload, in  1,164 seconds
Platform modules already initialized, skipping
Refreshing native plugins compatible for Editor in 0,54 ms, found 1 plugins.
Preloading 0 native plugins for Editor in 0,00 ms.
Unloading 2136 Unused Serialized files (Serialized files now loaded: 0)
System memory in use before: 92,1 MB.
System memory in use after: 91,6 MB.

Unloading 34 unused Assets to reduce memory usage. Loaded Objects now: 2687.
Total: 4,189927 ms (FindLiveObjects: 0,240492 ms CreateObjectMapping: 0,120263 ms MarkObjects: 3,284292 ms  DeleteObjects: 0,543255 ms)

AssetImportParameters requested are different than current active one (requested -> active):
  custom:video-decoder-ogg-theora: a1e56fd34408186e4bbccfd4996cb3dc -> 
  custom:container-muxer-webm: aa71ff27fc2769a1b78a27578f13a17b -> 
  custom:container-demuxer-webm: 4f35f7cbe854078d1ac9338744f61a02 -> 
  custom:container-demuxer-ogg: 62fdf1f143b41e24485cea50d1cbac27 -> 
  custom:video-encoder-webm-vp8: eb34c28f22e8b96e1ab97ce403110664 -> 
  custom:video-decoder-webm-vp8: 9c59270c3fd7afecdb556c50c9e8de78 -> 
  custom:audio-decoder-ogg-vorbis: bf7c407c2cedff20999df2af8eb42d56 -> 
  custom:audio-encoder-webm-vorbis: bf7c407c2cedff20999df2af8eb42d56 -> 
========================================================================
Received Prepare
Registering precompiled user dll's ...
Registered in 0,003551 seconds.
Begin MonoManager ReloadAssembly
Native extension for LinuxStandalone target not found
Refreshing native plugins compatible for Editor in 0,62 ms, found 1 plugins.
Preloading 0 native plugins for Editor in 0,00 ms.
Mono: successfully reloaded assembly
- Completed reload, in  1,307 seconds
Platform modules already initialized, skipping
Refreshing native plugins compatible for Editor in 0,51 ms, found 1 plugins.
Preloading 0 native plugins for Editor in 0,00 ms.
Unloading 2136 Unused Serialized files (Serialized files now loaded: 0)
System memory in use before: 92,1 MB.
System memory in use after: 91,6 MB.

Unloading 34 unused Assets to reduce memory usage. Loaded Objects now: 2691.
Total: 4,812208 ms (FindLiveObjects: 0,266440 ms CreateObjectMapping: 0,084522 ms MarkObjects: 3,898491 ms  DeleteObjects: 0,561284 ms)

AssetImportParameters requested are different than current active one (requested -> active):
  custom:video-decoder-ogg-theora: a1e56fd34408186e4bbccfd4996cb3dc -> 
  custom:container-muxer-webm: aa71ff27fc2769a1b78a27578f13a17b -> 
  custom:container-demuxer-webm: 4f35f7cbe854078d1ac9338744f61a02 -> 
  custom:container-demuxer-ogg: 62fdf1f143b41e24485cea50d1cbac27 -> 
  custom:video-encoder-webm-vp8: eb34c28f22e8b96e1ab97ce403110664 -> 
  custom:video-decoder-webm-vp8: 9c59270c3fd7afecdb556c50c9e8de78 -> 
  custom:audio-decoder-ogg-vorbis: bf7c407c2cedff20999df2af8eb42d56 -> 
  custom:audio-encoder-webm-vorbis: bf7c407c2cedff20999df2af8eb42d56 -> 
========================================================================
Received Prepare
Registering precompiled user dll's ...
Registered in 0,003072 seconds.
Begin MonoManager ReloadAssembly
Native extension for LinuxStandalone target not found
Refreshing native plugins compatible for Editor in 0,52 ms, found 1 plugins.
Preloading 0 native plugins for Editor in 0,00 ms.
Mono: successfully reloaded assembly
- Completed reload, in  1,204 seconds
Platform modules already initialized, skipping
Refreshing native plugins compatible for Editor in 0,52 ms, found 1 plugins.
Preloading 0 native plugins for Editor in 0,00 ms.
Unloading 2136 Unused Serialized files (Serialized files now loaded: 0)
System memory in use before: 92,1 MB.
System memory in use after: 91,6 MB.

Unloading 34 unused Assets to reduce memory usage. Loaded Objects now: 2695.
Total: 4,667318 ms (FindLiveObjects: 0,254375 ms CreateObjectMapping: 0,100458 ms MarkObjects: 3,746956 ms  DeleteObjects: 0,563125 ms)

AssetImportParameters requested are different than current active one (requested -> active):
  custom:video-decoder-ogg-theora: a1e56fd34408186e4bbccfd4996cb3dc -> 
  custom:container-muxer-webm: aa71ff27fc2769a1b78a27578f13a17b -> 
  custom:container-demuxer-webm: 4f35f7cbe854078d1ac9338744f61a02 -> 
  custom:container-demuxer-ogg: 62fdf1f143b41e24485cea50d1cbac27 -> 
  custom:video-encoder-webm-vp8: eb34c28f22e8b96e1ab97ce403110664 -> 
  custom:video-decoder-webm-vp8: 9c59270c3fd7afecdb556c50c9e8de78 -> 
  custom:audio-decoder-ogg-vorbis: bf7c407c2cedff20999df2af8eb42d56 -> 
  custom:audio-encoder-webm-vorbis: bf7c407c2cedff20999df2af8eb42d56 -> 
========================================================================
Received Prepare
Registering precompiled user dll's ...
Registered in 0,003070 seconds.
Begin MonoManager ReloadAssembly
Native extension for LinuxStandalone target not found
Refreshing native plugins compatible for Editor in 0,49 ms, found 1 plugins.
Preloading 0 native plugins for Editor in 0,00 ms.
Mono: successfully reloaded assembly
- Completed reload, in  1,206 seconds
Platform modules already initialized, skipping
Refreshing native plugins compatible for Editor in 0,69 ms, found 1 plugins.
Preloading 0 native plugins for Editor in 0,00 ms.
Unloading 2136 Unused Serialized files (Serialized files now loaded: 0)
System memory in use before: 92,2 MB.
System memory in use after: 91,7 MB.

Unloading 34 unused Assets to reduce memory usage. Loaded Objects now: 2699.
Total: 5,837035 ms (FindLiveObjects: 0,677847 ms CreateObjectMapping: 0,318152 ms MarkObjects: 4,129646 ms  DeleteObjects: 0,709365 ms)

AssetImportParameters requested are different than current active one (requested -> active):
  custom:video-decoder-ogg-theora: a1e56fd34408186e4bbccfd4996cb3dc -> 
  custom:container-muxer-webm: aa71ff27fc2769a1b78a27578f13a17b -> 
  custom:container-demuxer-webm: 4f35f7cbe854078d1ac9338744f61a02 -> 
  custom:container-demuxer-ogg: 62fdf1f143b41e24485cea50d1cbac27 -> 
  custom:video-encoder-webm-vp8: eb34c28f22e8b96e1ab97ce403110664 -> 
  custom:video-decoder-webm-vp8: 9c59270c3fd7afecdb556c50c9e8de78 -> 
  custom:audio-decoder-ogg-vorbis: bf7c407c2cedff20999df2af8eb42d56 -> 
  custom:audio-encoder-webm-vorbis: bf7c407c2cedff20999df2af8eb42d56 -> 
========================================================================
Received Import Request.
  Time since last request: 5084,945203 seconds.
  path: Assets/Scripts/SceneLoader.cs
  artifactKey: Guid(f5197fcbdc72ef71cbd393d66455b414) Importer(815301076,1909f56bfc062723c751e8b465ee728b)
Start importing Assets/Scripts/SceneLoader.cs using Guid(f5197fcbdc72ef71cbd393d66455b414) Importer(815301076,1909f56bfc062723c751e8b465ee728b)  -> (artifact id: '7e984f2b962fe9e85872810d8bb4150d') in 0,004173 seconds 
  Import took 0,009186 seconds .

========================================================================
Received Import Request.
  Time since last request: 0,001324 seconds.
  path: Assets/Scripts/SceneLoader.cs
  artifactKey: Guid(f5197fcbdc72ef71cbd393d66455b414) Importer(815301076,1909f56bfc062723c751e8b465ee728b)
Start importing Assets/Scripts/SceneLoader.cs using Guid(f5197fcbdc72ef71cbd393d66455b414) Importer(815301076,1909f56bfc062723c751e8b465ee728b)  -> (artifact id: '7e984f2b962fe9e85872810d8bb4150d') in 0,000689 seconds 
  Import took 0,011541 seconds .

========================================================================
Received Import Request.
  Time since last request: 186,890097 seconds.
  path: Assets/Scripts/SceneLoader.cs
  artifactKey: Guid(f5197fcbdc72ef71cbd393d66455b414) Importer(815301076,1909f56bfc062723c751e8b465ee728b)
Start importing Assets/Scripts/SceneLoader.cs using Guid(f5197fcbdc72ef71cbd393d66455b414) Importer(815301076,1909f56bfc062723c751e8b465ee728b)  -> (artifact id: '9afe1d22e36fa77687d40d70dff328e1') in 0,000688 seconds 
  Import took 0,005191 seconds .

========================================================================
Received Prepare
Registering precompiled user dll's ...
Registered in 0,002845 seconds.
Begin MonoManager ReloadAssembly
Native extension for LinuxStandalone target not found
Refreshing native plugins compatible for Editor in 0,57 ms, found 1 plugins.
Preloading 0 native plugins for Editor in 0,00 ms.
Mono: successfully reloaded assembly
- Completed reload, in  1,115 seconds
Platform modules already initialized, skipping
Refreshing native plugins compatible for Editor in 0,52 ms, found 1 plugins.
Preloading 0 native plugins for Editor in 0,00 ms.
Unloading 2136 Unused Serialized files (Serialized files now loaded: 0)
System memory in use before: 92,3 MB.
System memory in use after: 91,8 MB.

Unloading 34 unused Assets to reduce memory usage. Loaded Objects now: 2703.
Total: 4,441247 ms (FindLiveObjects: 0,353780 ms CreateObjectMapping: 0,118546 ms MarkObjects: 3,466492 ms  DeleteObjects: 0,500544 ms)

AssetImportParameters requested are different than current active one (requested -> active):
  custom:video-decoder-ogg-theora: a1e56fd34408186e4bbccfd4996cb3dc -> 
  custom:container-muxer-webm: aa71ff27fc2769a1b78a27578f13a17b -> 
  custom:container-demuxer-webm: 4f35f7cbe854078d1ac9338744f61a02 -> 
  custom:container-demuxer-ogg: 62fdf1f143b41e24485cea50d1cbac27 -> 
  custom:video-encoder-webm-vp8: eb34c28f22e8b96e1ab97ce403110664 -> 
  custom:video-decoder-webm-vp8: 9c59270c3fd7afecdb556c50c9e8de78 -> 
  custom:audio-decoder-ogg-vorbis: bf7c407c2cedff20999df2af8eb42d56 -> 
  custom:audio-encoder-webm-vorbis: bf7c407c2cedff20999df2af8eb42d56 -> 
========================================================================
Received Prepare
Registering precompiled user dll's ...
Registered in 0,003045 seconds.
Begin MonoManager ReloadAssembly
Native extension for LinuxStandalone target not found
Refreshing native plugins compatible for Editor in 0,58 ms, found 1 plugins.
Preloading 0 native plugins for Editor in 0,00 ms.
Mono: successfully reloaded assembly
- Completed reload, in  1,459 seconds
Platform modules already initialized, skipping
Refreshing native plugins compatible for Editor in 0,52 ms, found 1 plugins.
Preloading 0 native plugins for Editor in 0,00 ms.
Unloading 2136 Unused Serialized files (Serialized files now loaded: 0)
System memory in use before: 92,3 MB.
System memory in use after: 91,8 MB.

Unloading 34 unused Assets to reduce memory usage. Loaded Objects now: 2707.
Total: 6,317938 ms (FindLiveObjects: 0,322506 ms CreateObjectMapping: 0,227223 ms MarkObjects: 5,146927 ms  DeleteObjects: 0,619088 ms)

AssetImportParameters requested are different than current active one (requested -> active):
  custom:video-decoder-ogg-theora: a1e56fd34408186e4bbccfd4996cb3dc -> 
  custom:container-muxer-webm: aa71ff27fc2769a1b78a27578f13a17b -> 
  custom:container-demuxer-webm: 4f35f7cbe854078d1ac9338744f61a02 -> 
  custom:container-demuxer-ogg: 62fdf1f143b41e24485cea50d1cbac27 -> 
  custom:video-encoder-webm-vp8: eb34c28f22e8b96e1ab97ce403110664 -> 
  custom:video-decoder-webm-vp8: 9c59270c3fd7afecdb556c50c9e8de78 -> 
  custom:audio-decoder-ogg-vorbis: bf7c407c2cedff20999df2af8eb42d56 -> 
  custom:audio-encoder-webm-vorbis: bf7c407c2cedff20999df2af8eb42d56 -> 
========================================================================
Received Prepare
Registering precompiled user dll's ...
Registered in 0,002768 seconds.
Begin MonoManager ReloadAssembly
Native extension for LinuxStandalone target not found
Refreshing native plugins compatible for Editor in 0,52 ms, found 1 plugins.
Preloading 0 native plugins for Editor in 0,00 ms.
Mono: successfully reloaded assembly
- Completed reload, in  1,140 seconds
Platform modules already initialized, skipping
Refreshing native plugins compatible for Editor in 0,55 ms, found 1 plugins.
Preloading 0 native plugins for Editor in 0,00 ms.
Unloading 2136 Unused Serialized files (Serialized files now loaded: 0)
System memory in use before: 92,3 MB.
System memory in use after: 91,8 MB.

Unloading 34 unused Assets to reduce memory usage. Loaded Objects now: 2711.
Total: 4,093264 ms (FindLiveObjects: 0,275488 ms CreateObjectMapping: 0,093861 ms MarkObjects: 3,215165 ms  DeleteObjects: 0,507281 ms)

AssetImportParameters requested are different than current active one (requested -> active):
  custom:video-decoder-ogg-theora: a1e56fd34408186e4bbccfd4996cb3dc -> 
  custom:container-muxer-webm: aa71ff27fc2769a1b78a27578f13a17b -> 
  custom:container-demuxer-webm: 4f35f7cbe854078d1ac9338744f61a02 -> 
  custom:container-demuxer-ogg: 62fdf1f143b41e24485cea50d1cbac27 -> 
  custom:video-encoder-webm-vp8: eb34c28f22e8b96e1ab97ce403110664 -> 
  custom:video-decoder-webm-vp8: 9c59270c3fd7afecdb556c50c9e8de78 -> 
  custom:audio-decoder-ogg-vorbis: bf7c407c2cedff20999df2af8eb42d56 -> 
  custom:audio-encoder-webm-vorbis: bf7c407c2cedff20999df2af8eb42d56 -> 
========================================================================
Received Prepare
Registering precompiled user dll's ...
Registered in 0,003012 seconds.
Begin MonoManager ReloadAssembly
Native extension for LinuxStandalone target not found
Refreshing native plugins compatible for Editor in 0,58 ms, found 1 plugins.
Preloading 0 native plugins for Editor in 0,00 ms.
Mono: successfully reloaded assembly
- Completed reload, in  1,149 seconds
Platform modules already initialized, skipping
Refreshing native plugins compatible for Editor in 0,51 ms, found 1 plugins.
Preloading 0 native plugins for Editor in 0,00 ms.
Unloading 2136 Unused Serialized files (Serialized files now loaded: 0)
System memory in use before: 92,3 MB.
System memory in use after: 91,8 MB.

Unloading 34 unused Assets to reduce memory usage. Loaded Objects now: 2715.
Total: 3,937526 ms (FindLiveObjects: 0,296301 ms CreateObjectMapping: 0,133030 ms MarkObjects: 3,016977 ms  DeleteObjects: 0,489732 ms)

AssetImportParameters requested are different than current active one (requested -> active):
  custom:video-decoder-ogg-theora: a1e56fd34408186e4bbccfd4996cb3dc -> 
  custom:container-muxer-webm: aa71ff27fc2769a1b78a27578f13a17b -> 
  custom:container-demuxer-webm: 4f35f7cbe854078d1ac9338744f61a02 -> 
  custom:container-demuxer-ogg: 62fdf1f143b41e24485cea50d1cbac27 -> 
  custom:video-encoder-webm-vp8: eb34c28f22e8b96e1ab97ce403110664 -> 
  custom:video-decoder-webm-vp8: 9c59270c3fd7afecdb556c50c9e8de78 -> 
  custom:audio-decoder-ogg-vorbis: bf7c407c2cedff20999df2af8eb42d56 -> 
  custom:audio-encoder-webm-vorbis: bf7c407c2cedff20999df2af8eb42d56 -> 
========================================================================
Received Prepare
Registering precompiled user dll's ...
Registered in 0,002837 seconds.
Begin MonoManager ReloadAssembly
Native extension for LinuxStandalone target not found
Refreshing native plugins compatible for Editor in 0,49 ms, found 1 plugins.
Preloading 0 native plugins for Editor in 0,00 ms.
Mono: successfully reloaded assembly
- Completed reload, in  1,130 seconds
Platform modules already initialized, skipping
Refreshing native plugins compatible for Editor in 0,46 ms, found 1 plugins.
Preloading 0 native plugins for Editor in 0,00 ms.
Unloading 2136 Unused Serialized files (Serialized files now loaded: 0)
System memory in use before: 92,3 MB.
System memory in use after: 91,8 MB.

Unloading 34 unused Assets to reduce memory usage. Loaded Objects now: 2719.
Total: 3,988404 ms (FindLiveObjects: 0,305709 ms CreateObjectMapping: 0,120599 ms MarkObjects: 3,010411 ms  DeleteObjects: 0,550117 ms)

AssetImportParameters requested are different than current active one (requested -> active):
  custom:video-decoder-ogg-theora: a1e56fd34408186e4bbccfd4996cb3dc -> 
  custom:container-muxer-webm: aa71ff27fc2769a1b78a27578f13a17b -> 
  custom:container-demuxer-webm: 4f35f7cbe854078d1ac9338744f61a02 -> 
  custom:container-demuxer-ogg: 62fdf1f143b41e24485cea50d1cbac27 -> 
  custom:video-encoder-webm-vp8: eb34c28f22e8b96e1ab97ce403110664 -> 
  custom:video-decoder-webm-vp8: 9c59270c3fd7afecdb556c50c9e8de78 -> 
  custom:audio-decoder-ogg-vorbis: bf7c407c2cedff20999df2af8eb42d56 -> 
  custom:audio-encoder-webm-vorbis: bf7c407c2cedff20999df2af8eb42d56 -> 
========================================================================
Received Prepare
Registering precompiled user dll's ...
Registered in 0,002772 seconds.
Begin MonoManager ReloadAssembly
Native extension for LinuxStandalone target not found
Refreshing native plugins compatible for Editor in 0,50 ms, found 1 plugins.
Preloading 0 native plugins for Editor in 0,00 ms.
Mono: successfully reloaded assembly
- Completed reload, in  1,202 seconds
Platform modules already initialized, skipping
Refreshing native plugins compatible for Editor in 0,54 ms, found 1 plugins.
Preloading 0 native plugins for Editor in 0,00 ms.
Unloading 2136 Unused Serialized files (Serialized files now loaded: 0)
System memory in use before: 92,3 MB.
System memory in use after: 91,8 MB.

Unloading 34 unused Assets to reduce memory usage. Loaded Objects now: 2723.
Total: 4,958442 ms (FindLiveObjects: 0,350664 ms CreateObjectMapping: 0,214072 ms MarkObjects: 3,817639 ms  DeleteObjects: 0,574532 ms)

AssetImportParameters requested are different than current active one (requested -> active):
  custom:video-decoder-ogg-theora: a1e56fd34408186e4bbccfd4996cb3dc -> 
  custom:container-muxer-webm: aa71ff27fc2769a1b78a27578f13a17b -> 
  custom:container-demuxer-webm: 4f35f7cbe854078d1ac9338744f61a02 -> 
  custom:container-demuxer-ogg: 62fdf1f143b41e24485cea50d1cbac27 -> 
  custom:video-encoder-webm-vp8: eb34c28f22e8b96e1ab97ce403110664 -> 
  custom:video-decoder-webm-vp8: 9c59270c3fd7afecdb556c50c9e8de78 -> 
  custom:audio-decoder-ogg-vorbis: bf7c407c2cedff20999df2af8eb42d56 -> 
  custom:audio-encoder-webm-vorbis: bf7c407c2cedff20999df2af8eb42d56 -> 
========================================================================
Received Import Request.
  Time since last request: 1371,951440 seconds.
  path: Assets/Scenes
  artifactKey: Guid(fc187815e54d0862fb2e9be4c533e00c) Importer(815301076,1909f56bfc062723c751e8b465ee728b)
Start importing Assets/Scenes using Guid(fc187815e54d0862fb2e9be4c533e00c) Importer(815301076,1909f56bfc062723c751e8b465ee728b)  -> (artifact id: '270a30a06bb67f892bf33fed64866cc6') in 0,004542 seconds 
  Import took 0,008883 seconds .

========================================================================
Received Import Request.
  Time since last request: 0,646565 seconds.
  path: Assets/Scenes/WinScreen.unity
  artifactKey: Guid(8a3f1e8155c1d5b9b94c97120769adea) Importer(815301076,1909f56bfc062723c751e8b465ee728b)
Start importing Assets/Scenes/WinScreen.unity using Guid(8a3f1e8155c1d5b9b94c97120769adea) Importer(815301076,1909f56bfc062723c751e8b465ee728b)  -> (artifact id: 'ff053e5c26adaad7eeabe87f36907b11') in 0,011758 seconds 
  Import took 0,016143 seconds .

========================================================================
Received Import Request.
  Time since last request: 28,102794 seconds.
  path: Assets/Scenes/StartMenu.unity
  artifactKey: Guid(7b4bcd47bc7fc579b9338af826e1f4bf) Importer(815301076,1909f56bfc062723c751e8b465ee728b)
Start importing Assets/Scenes/StartMenu.unity using Guid(7b4bcd47bc7fc579b9338af826e1f4bf) Importer(815301076,1909f56bfc062723c751e8b465ee728b)  -> (artifact id: '522aed7c92a98e6982e490085febed73') in 0,001633 seconds 
  Import took 0,005887 seconds .

========================================================================
Received Import Request.
  Time since last request: 1,593596 seconds.
  path: Assets/Scenes/CoreGame.unity
  artifactKey: Guid(c5d0af58adafe547ba4fabba40f12bf3) Importer(815301076,1909f56bfc062723c751e8b465ee728b)
Start importing Assets/Scenes/CoreGame.unity using Guid(c5d0af58adafe547ba4fabba40f12bf3) Importer(815301076,1909f56bfc062723c751e8b465ee728b)  -> (artifact id: '7b36141f939a7b55fd7a153f80710574') in 0,001239 seconds 
  Import took 0,005531 seconds .

========================================================================
Received Import Request.
  Time since last request: 0,002086 seconds.
  path: Assets/Scenes/CoreGame.unity
  artifactKey: Guid(c5d0af58adafe547ba4fabba40f12bf3) Importer(815301076,1909f56bfc062723c751e8b465ee728b)
Start importing Assets/Scenes/CoreGame.unity using Guid(c5d0af58adafe547ba4fabba40f12bf3) Importer(815301076,1909f56bfc062723c751e8b465ee728b)  -> (artifact id: '7b36141f939a7b55fd7a153f80710574') in 0,002667 seconds 
  Import took 0,008261 seconds .

========================================================================
Received Prepare
Refreshing native plugins compatible for Editor in 3,23 ms, found 1 plugins.
Preloading 0 native plugins for Editor in 0,00 ms.
Unloading 32 Unused Serialized files (Serialized files now loaded: 0)
System memory in use before: 50,5 MB.
System memory in use after: 50,1 MB.

Unloading 32 unused Assets to reduce memory usage. Loaded Objects now: 2723.
Total: 5,563269 ms (FindLiveObjects: 0,284978 ms CreateObjectMapping: 0,098886 ms MarkObjects: 4,604939 ms  DeleteObjects: 0,572737 ms)

AssetImportParameters requested are different than current active one (requested -> active):
  custom:video-decoder-ogg-theora: a1e56fd34408186e4bbccfd4996cb3dc -> 
  custom:container-muxer-webm: aa71ff27fc2769a1b78a27578f13a17b -> 
  custom:container-demuxer-webm: 4f35f7cbe854078d1ac9338744f61a02 -> 
  custom:container-demuxer-ogg: 62fdf1f143b41e24485cea50d1cbac27 -> 
  custom:video-encoder-webm-vp8: eb34c28f22e8b96e1ab97ce403110664 -> 
  custom:video-decoder-webm-vp8: 9c59270c3fd7afecdb556c50c9e8de78 -> 
  custom:audio-decoder-ogg-vorbis: bf7c407c2cedff20999df2af8eb42d56 -> 
  custom:audio-encoder-webm-vorbis: bf7c407c2cedff20999df2af8eb42d56 -> 
AssetImportWorkerClient::OnTransportError - code=2 error=End of file
